\BOOKMARK [1][-]{section.1}{\376\377\225\356\230\230\143\317\217\360}{}% 1
\BOOKMARK [1][-]{section.2}{\376\377\217\164\166\204\213\276\213\241}{}% 2
\BOOKMARK [2][-]{subsection.2.1}{\376\377\220\011\142\351\217\164\166\204\147\120\145\231}{section.2}% 3
\BOOKMARK [2][-]{subsection.2.2}{\376\377\143\011\217\154\167\351\117\060\173\227\217\164\166\204\147\000\134\017\166\364\137\204}{section.2}% 4
\BOOKMARK [2][-]{subsection.2.3}{\376\377\217\164\166\204\176\323\147\204\213\276\213\241}{section.2}% 5
\BOOKMARK [2][-]{subsection.2.4}{\376\377\213\241\173\227\237\177\217\156\123\327\122\233}{section.2}% 6
\BOOKMARK [2][-]{subsection.2.5}{\376\377\213\241\173\227\217\164\142\177\123\315\122\233}{section.2}% 7
\BOOKMARK [2][-]{subsection.2.6}{\376\377\176\330\122\066\137\057\167\351\126\376}{section.2}% 8
\BOOKMARK [2][-]{subsection.2.7}{\376\377\176\330\122\066\142\155\167\351\126\376}{section.2}% 9
\BOOKMARK [2][-]{subsection.2.8}{\376\377\176\330\122\066\137\123\221\317\137\057\167\351\126\376}{section.2}% 10
\BOOKMARK [2][-]{subsection.2.9}{\376\377\122\006\122\053\213\241\173\227\142\052\227\142\166\204\166\364\137\204}{section.2}% 11
\BOOKMARK [1][-]{section.3}{\376\377\137\072\136\246\150\041\150\070}{}% 12
\BOOKMARK [1][-]{section.4}{\376\377\121\166\116\326\226\366\116\366}{}% 13
\BOOKMARK [2][-]{subsection.4.1}{\376\377\217\164\142\177\220\011\142\351}{section.4}% 14
\BOOKMARK [2][-]{subsection.4.2}{\376\377\131\127\173\122}{section.4}% 15
\BOOKMARK [2][-]{subsection.4.3}{\376\377\225\056}{section.4}% 16
\BOOKMARK [2][-]{subsection.4.4}{\376\377\217\164\142\177\133\377\124\175}{section.4}% 17
\BOOKMARK [3][-]{subsubsection.4.4.1}{\376\377\213\241\173\227\217\164\142\177\123\327\122\233}{subsection.4.4}% 18
\BOOKMARK [3][-]{subsubsection.4.4.2}{\376\377\213\241\173\227\137\123\221\317\217\175\203\167}{subsection.4.4}% 19
\BOOKMARK [3][-]{subsubsection.4.4.3}{\376\377\213\241\173\227\000L\000h}{subsection.4.4}% 20
\BOOKMARK [1][-]{section.5}{\376\377\210\305\221\115\176\323\147\204\203\111\126\376}{}% 21
\BOOKMARK [1][-]{section.5}{\376\377\123\302\200\003\145\207\163\056}{}% 22
